
Showing logs for build [32mcb-kubecd-environment-pr-240-25-nhfpg-1[0m stage [32mfrom-build-pack[0m and container [32mstep-credential-initializer-nzfq8[0m
{"level":"info","ts":1592912358.5669909,"logger":"fallback-logger","caller":"logging/config.go:69","msg":"Fetch GitHub commit ID from kodata failed: open /var/run/ko/refs/heads/0.8.0-ns-support: no such file or directory"}
{"level":"info","ts":1592912358.5694892,"logger":"fallback-logger","caller":"creds-init/main.go:40","msg":"Credentials initialized."}

Showing logs for build [32mcb-kubecd-environment-pr-240-25-nhfpg-1[0m stage [32mfrom-build-pack[0m and container [32mstep-working-dir-initializer-jgd79[0m
{"level":"info","ts":1592912359.0705569,"logger":"fallback-logger","caller":"logging/config.go:69","msg":"Fetch GitHub commit ID from kodata failed: open /var/run/ko/HEAD: no such file or directory"}
{"level":"info","ts":1592912359.0714612,"logger":"fallback-logger","caller":"bash/main.go:64","msg":"Successfully executed command \"sh -c mkdir -p /workspace/source\"; output "}

Showing logs for build [32mcb-kubecd-environment-pr-240-25-nhfpg-1[0m stage [32mfrom-build-pack[0m and container [32mstep-place-tools[0m

Showing logs for build [32mcb-kubecd-environment-pr-240-25-nhfpg-1[0m stage [32mfrom-build-pack[0m and container [32mstep-git-source-cb-kubecd-environment-pr-240-25-nhfpg-lhn82[0m
{"level":"info","ts":1592912362.160086,"logger":"fallback-logger","caller":"logging/config.go:69","msg":"Fetch GitHub commit ID from kodata failed: open /var/run/ko/refs/heads/0.8.0-ns-support: no such file or directory"}
{"level":"info","ts":1592912362.3801985,"logger":"fallback-logger","caller":"git/git.go:103","msg":"Successfully cloned https://github.com/cb-kubecd/environment-pr-240-25-boot-eks-staging.git @ master in path /workspace/source"}

Showing logs for build [32mcb-kubecd-environment-pr-240-25-nhfpg-1[0m stage [32mfrom-build-pack[0m and container [32mstep-git-merge[0m
Using SHAs from PULL_REFS=master:5a065c7fdf924a3312d183a83e1a77702a992d9e,4:28d52bfee07dc49f76b051d7205e1de2ace874d9
DEBUG: LC_ALL=C JX_LOG_LEVEL=error git fetch origin --unshallow 28d52bfee07dc49f76b051d7205e1de2ace874d9: 5a065c7fdf924a3312d183a83e1a77702a992d9e:
DEBUG: ran git fetch --unshallow origin 28d52bfee07dc49f76b051d7205e1de2ace874d9: 5a065c7fdf924a3312d183a83e1a77702a992d9e: in 
DEBUG: LC_ALL=C JX_LOG_LEVEL=error git branch
DEBUG: LC_ALL=C JX_LOG_LEVEL=error git checkout master
DEBUG: ran git checkout master in 
DEBUG: LC_ALL=C JX_LOG_LEVEL=error git reset --hard 5a065c7fdf924a3312d183a83e1a77702a992d9e
DEBUG: ran git reset --hard 5a065c7fdf924a3312d183a83e1a77702a992d9e in 
DEBUG: LC_ALL=C JX_LOG_LEVEL=error git clean -fd .
DEBUG: ran clean --force -d . in 
DEBUG: JX_LOG_LEVEL=error LC_ALL=C git merge 28d52bfee07dc49f76b051d7205e1de2ace874d9
DEBUG: ran git merge 28d52bfee07dc49f76b051d7205e1de2ace874d9 in 
DEBUG: LC_ALL=C JX_LOG_LEVEL=error git log --format=%H%x1f%an%x1f%ae%x1f%cn%x1f%ce%x1f%s%n%b%x1e 5a065c7fdf924a3312d183a83e1a77702a992d9e..HEAD
Merged SHA 28d52bfee07dc49f76b051d7205e1de2ace874d9 with commit message 'chore: Promote bdd-gh-1592905601 to version 0.0.1' into base branch master

Showing logs for build [32mcb-kubecd-environment-pr-240-25-nhfpg-1[0m stage [32mfrom-build-pack[0m and container [32mstep-build-helm-build[0m
WARNING: No $CHART_REPOSITORY defined so using the default value of: http://jenkins-x-chartmuseum:8080
Adding missing Helm repo: storage.googleapis.com https://storage.googleapis.com/chartmuseum.jenkins-x.io
WARNING: No secrets found on "helm/repos" due: reading the secret "helm/repos" from vault: no secret "helm/repos" not found in vault
Read credentials for https://storage.googleapis.com/chartmuseum.jenkins-x.io from vault helm/repos
Successfully added Helm repository storage.googleapis.com.
Adding missing Helm repo: jenkins-x-chartmuseum http://jenkins-x-chartmuseum:8080
WARNING: No secrets found on "helm/repos" due: reading the secret "helm/repos" from vault: no secret "helm/repos" not found in vault
Read credentials for http://jenkins-x-chartmuseum:8080 from vault helm/repos
Successfully added Helm repository jenkins-x-chartmuseum.
WARNING: No $CHART_REPOSITORY defined so using the default value of: http://jenkins-x-chartmuseum:8080
Adding missing Helm repo: chartmuseum.jenkins-x.io http://chartmuseum.jenkins-x.io
WARNING: No secrets found on "helm/repos" due: reading the secret "helm/repos" from vault: no secret "helm/repos" not found in vault
Read credentials for http://chartmuseum.jenkins-x.io from vault helm/repos
Successfully added Helm repository chartmuseum.jenkins-x.io.
