
Showing logs for build [32mcb-kubecd-environment-pr-240-25-g44pc-1[0m stage [32mfrom-build-pack[0m and container [32mstep-credential-initializer-l6zjq[0m
{"level":"info","ts":1592909304.0422184,"logger":"fallback-logger","caller":"logging/config.go:69","msg":"Fetch GitHub commit ID from kodata failed: open /var/run/ko/refs/heads/0.8.0-ns-support: no such file or directory"}
{"level":"info","ts":1592909304.0425663,"logger":"fallback-logger","caller":"creds-init/main.go:40","msg":"Credentials initialized."}

Showing logs for build [32mcb-kubecd-environment-pr-240-25-g44pc-1[0m stage [32mfrom-build-pack[0m and container [32mstep-working-dir-initializer-5gtdl[0m
{"level":"info","ts":1592909305.0582445,"logger":"fallback-logger","caller":"logging/config.go:69","msg":"Fetch GitHub commit ID from kodata failed: open /var/run/ko/HEAD: no such file or directory"}
{"level":"info","ts":1592909305.0590217,"logger":"fallback-logger","caller":"bash/main.go:64","msg":"Successfully executed command \"sh -c mkdir -p /workspace/source\"; output "}

Showing logs for build [32mcb-kubecd-environment-pr-240-25-g44pc-1[0m stage [32mfrom-build-pack[0m and container [32mstep-place-tools[0m

Showing logs for build [32mcb-kubecd-environment-pr-240-25-g44pc-1[0m stage [32mfrom-build-pack[0m and container [32mstep-git-source-cb-kubecd-environment-pr-240-25-g44pc-68jc9[0m
{"level":"info","ts":1592909309.1629996,"logger":"fallback-logger","caller":"logging/config.go:69","msg":"Fetch GitHub commit ID from kodata failed: open /var/run/ko/refs/heads/0.8.0-ns-support: no such file or directory"}
{"level":"info","ts":1592909309.385039,"logger":"fallback-logger","caller":"git/git.go:103","msg":"Successfully cloned https://github.com/cb-kubecd/environment-pr-240-25-boot-eks-staging.git @ master in path /workspace/source"}

Showing logs for build [32mcb-kubecd-environment-pr-240-25-g44pc-1[0m stage [32mfrom-build-pack[0m and container [32mstep-git-merge[0m
Using SHAs from PULL_REFS=master:b7214ef935c73262680a99461dc9f645e8ccfe8f,3:06921ed10720d329853fe1e2a454f5e7f328b93c
DEBUG: LC_ALL=C JX_LOG_LEVEL=error git fetch origin --unshallow 06921ed10720d329853fe1e2a454f5e7f328b93c: b7214ef935c73262680a99461dc9f645e8ccfe8f:
DEBUG: ran git fetch --unshallow origin 06921ed10720d329853fe1e2a454f5e7f328b93c: b7214ef935c73262680a99461dc9f645e8ccfe8f: in 
DEBUG: LC_ALL=C JX_LOG_LEVEL=error git branch
DEBUG: LC_ALL=C JX_LOG_LEVEL=error git checkout master
DEBUG: ran git checkout master in 
DEBUG: LC_ALL=C JX_LOG_LEVEL=error git reset --hard b7214ef935c73262680a99461dc9f645e8ccfe8f
DEBUG: ran git reset --hard b7214ef935c73262680a99461dc9f645e8ccfe8f in 
DEBUG: LC_ALL=C JX_LOG_LEVEL=error git clean -fd .
DEBUG: ran clean --force -d . in 
DEBUG: LC_ALL=C JX_LOG_LEVEL=error git merge 06921ed10720d329853fe1e2a454f5e7f328b93c
DEBUG: ran git merge 06921ed10720d329853fe1e2a454f5e7f328b93c in 
DEBUG: LC_ALL=C JX_LOG_LEVEL=error git log --format=%H%x1f%an%x1f%ae%x1f%cn%x1f%ce%x1f%s%n%b%x1e b7214ef935c73262680a99461dc9f645e8ccfe8f..HEAD
Merged SHA 06921ed10720d329853fe1e2a454f5e7f328b93c with commit message 'chore: Promote bdd-nh-1592905601 to version 0.0.1' into base branch master

Showing logs for build [32mcb-kubecd-environment-pr-240-25-g44pc-1[0m stage [32mfrom-build-pack[0m and container [32mstep-build-helm-build[0m
WARNING: No $CHART_REPOSITORY defined so using the default value of: http://jenkins-x-chartmuseum:8080
Adding missing Helm repo: storage.googleapis.com https://storage.googleapis.com/chartmuseum.jenkins-x.io
WARNING: No secrets found on "helm/repos" due: reading the secret "helm/repos" from vault: no secret "helm/repos" not found in vault
Read credentials for https://storage.googleapis.com/chartmuseum.jenkins-x.io from vault helm/repos
Successfully added Helm repository storage.googleapis.com.
Adding missing Helm repo: jenkins-x-chartmuseum http://jenkins-x-chartmuseum:8080
WARNING: No secrets found on "helm/repos" due: reading the secret "helm/repos" from vault: no secret "helm/repos" not found in vault
Read credentials for http://jenkins-x-chartmuseum:8080 from vault helm/repos
Successfully added Helm repository jenkins-x-chartmuseum.
WARNING: No $CHART_REPOSITORY defined so using the default value of: http://jenkins-x-chartmuseum:8080
Adding missing Helm repo: chartmuseum.jenkins-x.io http://chartmuseum.jenkins-x.io
WARNING: No secrets found on "helm/repos" due: reading the secret "helm/repos" from vault: no secret "helm/repos" not found in vault
Read credentials for http://chartmuseum.jenkins-x.io from vault helm/repos
Successfully added Helm repository chartmuseum.jenkins-x.io.
