
Showing logs for build [32mcb-kubecd-environment-pr-240-25-c599g-1[0m stage [32mfrom-build-pack[0m and container [32mstep-credential-initializer-tjvwx[0m
{"level":"info","ts":1592904345.5261607,"logger":"fallback-logger","caller":"logging/config.go:69","msg":"Fetch GitHub commit ID from kodata failed: open /var/run/ko/refs/heads/0.8.0-ns-support: no such file or directory"}
{"level":"info","ts":1592904345.5264513,"logger":"fallback-logger","caller":"creds-init/main.go:40","msg":"Credentials initialized."}

Showing logs for build [32mcb-kubecd-environment-pr-240-25-c599g-1[0m stage [32mfrom-build-pack[0m and container [32mstep-working-dir-initializer-r5xpc[0m
{"level":"info","ts":1592904346.5082505,"logger":"fallback-logger","caller":"logging/config.go:69","msg":"Fetch GitHub commit ID from kodata failed: open /var/run/ko/HEAD: no such file or directory"}
{"level":"info","ts":1592904346.509123,"logger":"fallback-logger","caller":"bash/main.go:64","msg":"Successfully executed command \"sh -c mkdir -p /workspace/source\"; output "}

Showing logs for build [32mcb-kubecd-environment-pr-240-25-c599g-1[0m stage [32mfrom-build-pack[0m and container [32mstep-place-tools[0m

Showing logs for build [32mcb-kubecd-environment-pr-240-25-c599g-1[0m stage [32mfrom-build-pack[0m and container [32mstep-git-source-cb-kubecd-environment-pr-240-25-c599g-twjhm[0m
{"level":"info","ts":1592904350.5633848,"logger":"fallback-logger","caller":"logging/config.go:69","msg":"Fetch GitHub commit ID from kodata failed: open /var/run/ko/refs/heads/0.8.0-ns-support: no such file or directory"}
{"level":"info","ts":1592904350.7633908,"logger":"fallback-logger","caller":"git/git.go:103","msg":"Successfully cloned https://github.com/cb-kubecd/environment-pr-240-25-boot-eks-staging.git @ master in path /workspace/source"}

Showing logs for build [32mcb-kubecd-environment-pr-240-25-c599g-1[0m stage [32mfrom-build-pack[0m and container [32mstep-git-merge[0m
Using SHAs from PULL_REFS=master:eb221367ba7fd4bd91274d8f64578abbbd1b6edf,1:f32edb4abb4faac759a57ae083a4c0b51be2e890
DEBUG: LC_ALL=C JX_LOG_LEVEL=error git fetch origin --unshallow f32edb4abb4faac759a57ae083a4c0b51be2e890: eb221367ba7fd4bd91274d8f64578abbbd1b6edf:
DEBUG: ran git fetch --unshallow origin f32edb4abb4faac759a57ae083a4c0b51be2e890: eb221367ba7fd4bd91274d8f64578abbbd1b6edf: in 
DEBUG: LC_ALL=C JX_LOG_LEVEL=error git branch
DEBUG: LC_ALL=C JX_LOG_LEVEL=error git checkout master
DEBUG: ran git checkout master in 
DEBUG: LC_ALL=C JX_LOG_LEVEL=error git reset --hard eb221367ba7fd4bd91274d8f64578abbbd1b6edf
DEBUG: ran git reset --hard eb221367ba7fd4bd91274d8f64578abbbd1b6edf in 
DEBUG: LC_ALL=C JX_LOG_LEVEL=error git clean -fd .
DEBUG: ran clean --force -d . in 
DEBUG: LC_ALL=C JX_LOG_LEVEL=error git merge f32edb4abb4faac759a57ae083a4c0b51be2e890
DEBUG: ran git merge f32edb4abb4faac759a57ae083a4c0b51be2e890 in 
DEBUG: LC_ALL=C JX_LOG_LEVEL=error git log --format=%H%x1f%an%x1f%ae%x1f%cn%x1f%ce%x1f%s%n%b%x1e eb221367ba7fd4bd91274d8f64578abbbd1b6edf..HEAD
Merged SHA f32edb4abb4faac759a57ae083a4c0b51be2e890 with commit message 'chore: Promote bdd-spring-1592903835 to version 0.0.1' into base branch master

Showing logs for build [32mcb-kubecd-environment-pr-240-25-c599g-1[0m stage [32mfrom-build-pack[0m and container [32mstep-build-helm-build[0m
WARNING: No $CHART_REPOSITORY defined so using the default value of: http://jenkins-x-chartmuseum:8080
Adding missing Helm repo: storage.googleapis.com https://storage.googleapis.com/chartmuseum.jenkins-x.io
WARNING: No secrets found on "helm/repos" due: reading the secret "helm/repos" from vault: no secret "helm/repos" not found in vault
Read credentials for https://storage.googleapis.com/chartmuseum.jenkins-x.io from vault helm/repos
Successfully added Helm repository storage.googleapis.com.
Adding missing Helm repo: jenkins-x-chartmuseum http://jenkins-x-chartmuseum:8080
WARNING: No secrets found on "helm/repos" due: reading the secret "helm/repos" from vault: no secret "helm/repos" not found in vault
Read credentials for http://jenkins-x-chartmuseum:8080 from vault helm/repos
Successfully added Helm repository jenkins-x-chartmuseum.
WARNING: No $CHART_REPOSITORY defined so using the default value of: http://jenkins-x-chartmuseum:8080
Adding missing Helm repo: chartmuseum.jenkins-x.io http://chartmuseum.jenkins-x.io
WARNING: No secrets found on "helm/repos" due: reading the secret "helm/repos" from vault: no secret "helm/repos" not found in vault
Read credentials for http://chartmuseum.jenkins-x.io from vault helm/repos
Successfully added Helm repository chartmuseum.jenkins-x.io.
